빌드 시작: 2017-06-12 오전 7:03:12
     1>2 노드의 "C:\Users\Lactobacillus\Desktop\Hands of Midas\Hands of Midas\Hands of Midas\Hands of Midas.vcxproj" 프로젝트(Build 대상)입니다.
     1>ClCompile:
         D:\Program Files (x86)\Microsoft Visual Studio 12.0\VC\bin\CL.exe /c /I"C:\Users\Lactobacillus\Desktop\Hands of Midas\Hands of Midas\packages\glfw.3.2.1\build\native\../..//build/native/include/" /I"C:\Users\Lactobacillus\Desktop\Hands of Midas\Hands of Midas\packages\glew.1.9.0.1\build\native\../..//build/native/include/" /I"C:\Users\Lactobacillus\Desktop\Hands of Midas\Hands of Midas\packages\GLMathematics.0.9.5.4\build\native\include" /I"C:\Users\Lactobacillus\Desktop\Hands of Midas\Hands of Midas\packages\soil.1.16.0\build\native\include" /Zi /nologo /W3 /WX- /sdl /O2 /Oi /Oy- /GL /D GLFW_DLL /D HAS_GLFW /D HAS_GLEW /D WIN32 /D NDEBUG /D _CONSOLE /D _LIB /D _UNICODE /D UNICODE /Gm- /EHsc /MD /GS /Gy /fp:precise /Zc:wchar_t /Zc:forScope /Fo"Release\\" /Fd"Release\vc120.pdb" /Gd /TP /analyze- /errorReport:prompt hands_of_midas.cpp
         hands_of_midas.cpp
     1>C:\Program Files (x86)\Windows Kits\8.1\Include\shared\minwindef.h(130): warning C4005: 'APIENTRY' : 매크로 재정의
                 C:\Users\Lactobacillus\Desktop\Hands of Midas\Hands of Midas\packages\glfw.3.2.1\build\native\include\GLFW\glfw3.h(98) : 'APIENTRY'의 이전 정의를 참조하십시오.
       Link:
         D:\Program Files (x86)\Microsoft Visual Studio 12.0\VC\bin\link.exe /ERRORREPORT:PROMPT /OUT:"C:\Users\Lactobacillus\Desktop\Hands of Midas\Hands of Midas\Release\Hands of Midas.exe" /INCREMENTAL:NO /NOLOGO /LIBPATH:"C:\Users\Lactobacillus\Desktop\Hands of Midas\Hands of Midas\packages\glew.1.9.0.1\build\native\lib\v110\Win32\Release\static" /LIBPATH:"C:\Users\Lactobacillus\Desktop\Hands of Midas\Hands of Midas\packages\glew.1.9.0.1\build\native\lib\v110\Win32\Release\dynamic" /LIBPATH:"C:\Users\Lactobacillus\Desktop\Hands of Midas\Hands of Midas\packages\soil.1.16.0\build\native\lib\Win32\Release" "C:\Users\Lactobacillus\Desktop\Hands of Midas\Hands of Midas\packages\glfw.3.2.1\build\native\../..//build/native/lib/v120\Win32\dynamic\glfw3dll.lib" glew32.lib kernel32.lib user32.lib gdi32.lib winspool.lib comdlg32.lib advapi32.lib shell32.lib ole32.lib oleaut32.lib uuid.lib odbc32.lib odbccp32.lib soil.lib /MANIFEST /MANIFESTUAC:"level='asInvoker' uiAccess='false'" /manifest:embed /DEBUG /PDB:"C:\Users\Lactobacillus\Desktop\Hands of Midas\Hands of Midas\Release\Hands of Midas.pdb" /SUBSYSTEM:CONSOLE /OPT:REF /OPT:ICF /LTCG /TLBID:1 /DYNAMICBASE /NXCOMPAT /IMPLIB:"C:\Users\Lactobacillus\Desktop\Hands of Midas\Hands of Midas\Release\Hands of Midas.lib" /MACHINE:X86 /SAFESEH Release\camera.obj
         Release\hands_of_midas.obj
         Release\object.obj
         Release\shader.obj
         Release\texture.obj
         Release\WaveFrontOBJ.obj
         코드를 생성하고 있습니다.
         코드를 생성했습니다.
         Hands of Midas.vcxproj -> C:\Users\Lactobacillus\Desktop\Hands of Midas\Hands of Midas\Release\Hands of Midas.exe
     1>"C:\Users\Lactobacillus\Desktop\Hands of Midas\Hands of Midas\Hands of Midas\Hands of Midas.vcxproj" 프로젝트를 빌드했습니다(Build 대상).

빌드했습니다.

경과 시간: 00:00:03.60
